<?xml version="1.0" encoding="UTF-8"?>
<!-- Generated by org.testng.reporters.JUnitXMLReporter -->
<testsuite ignored="2" hostname="DESKTOP-9HQMH47" failures="0" tests="3" name="Reggression Testing" time="0.131" errors="0" timestamp="2024-06-10T21:13:00 IST">
  <testcase classname="TestNg_Class.Exclude" name="addition" time="0.014"/>
  <testcase classname="TestNg_Class.Exclude" name="module" time="0.002"/>
  <testcase classname="TestNg_Class.Exclude" name="multiple" time="0.009"/>
  <testcase classname="TestNg_Class.Exclude" name="division" time="0.0">
    <ignored/>
  </testcase> <!-- division -->
  <testcase classname="TestNg_Class.Exclude" name="subtraction" time="0.0">
    <ignored/>
  </testcase> <!-- subtraction -->
</testsuite> <!-- Reggression Testing -->
