<?xml version="1.0" encoding="UTF-8"?>
<!-- Generated by org.testng.reporters.JUnitXMLReporter -->
<testsuite ignored="3" hostname="DESKTOP-9HQMH47" failures="0" tests="2" name="Test" time="0.116" errors="0" timestamp="2024-06-08T14:41:12 IST">
  <testcase classname="TestNg_Class.groups" name="addition" time="0.015"/>
  <testcase classname="TestNg_Class.groups" name="multiple" time="0.002"/>
  <testcase classname="TestNg_Class.groups" name="subtraction" time="0.0">
    <ignored/>
  </testcase> <!-- subtraction -->
  <testcase classname="TestNg_Class.groups" name="division" time="0.0">
    <ignored/>
  </testcase> <!-- division -->
  <testcase classname="TestNg_Class.groups" name="module" time="0.0">
    <ignored/>
  </testcase> <!-- module -->
</testsuite> <!-- Test -->
